\BOOKMARK [0][-]{title.0}{封面}{}% 1
\BOOKMARK [0][-]{chapter*.2}{摘要}{}% 2
\BOOKMARK [0][-]{chapter*.3}{ABSTRACT}{}% 3
\BOOKMARK [0][-]{toc.0}{目录}{}% 4
\BOOKMARK [0][-]{chapter.1}{系统概述}{}% 5
\BOOKMARK [1][-]{section.1.1}{系统设计背景}{chapter.1}% 6
\BOOKMARK [1][-]{section.1.2}{系统设计目标}{chapter.1}% 7
\BOOKMARK [1][-]{section.1.3}{系统设计环境}{chapter.1}% 8
\BOOKMARK [2][-]{subsection.1.3.1}{主机}{section.1.3}% 9
\BOOKMARK [2][-]{subsection.1.3.2}{软件}{section.1.3}% 10
\BOOKMARK [2][-]{subsection.1.3.3}{C++}{section.1.3}% 11
\BOOKMARK [2][-]{subsection.1.3.4}{面向对象}{section.1.3}% 12
\BOOKMARK [2][-]{subsection.1.3.5}{QT}{section.1.3}% 13
\BOOKMARK [0][-]{chapter.2}{需求分析}{}% 14
\BOOKMARK [1][-]{section.2.1}{系统需求分析}{chapter.2}% 15
\BOOKMARK [1][-]{section.2.2}{数据流图}{chapter.2}% 16
\BOOKMARK [1][-]{section.2.3}{数据字典}{chapter.2}% 17
\BOOKMARK [2][-]{subsection.2.3.1}{数据项}{section.2.3}% 18
\BOOKMARK [2][-]{subsection.2.3.2}{数据字典}{section.2.3}% 19
\BOOKMARK [2][-]{subsection.2.3.3}{数据存储}{section.2.3}% 20
\BOOKMARK [1][-]{section.2.4}{概念结构设计}{chapter.2}% 21
\BOOKMARK [0][-]{chapter.3}{总体设计}{}% 22
\BOOKMARK [1][-]{section.3.1}{数据库}{chapter.3}% 23
\BOOKMARK [1][-]{section.3.2}{系统功能设计}{chapter.3}% 24
\BOOKMARK [0][-]{chapter.4}{主要功能模块}{}% 25
\BOOKMARK [1][-]{section.4.1}{类}{chapter.4}% 26
\BOOKMARK [2][-]{subsection.4.1.1}{账户类}{section.4.1}% 27
\BOOKMARK [2][-]{subsection.4.1.2}{书本类}{section.4.1}% 28
\BOOKMARK [1][-]{section.4.2}{登录&注册}{chapter.4}% 29
\BOOKMARK [2][-]{subsection.4.2.1}{类}{section.4.2}% 30
\BOOKMARK [2][-]{subsection.4.2.2}{界面}{section.4.2}% 31
\BOOKMARK [2][-]{subsection.4.2.3}{实现}{section.4.2}% 32
\BOOKMARK [2][-]{subsection.4.2.4}{提示}{section.4.2}% 33
\BOOKMARK [1][-]{section.4.3}{主界面}{chapter.4}% 34
\BOOKMARK [2][-]{subsection.4.3.1}{类}{section.4.3}% 35
\BOOKMARK [2][-]{subsection.4.3.2}{界面}{section.4.3}% 36
\BOOKMARK [2][-]{subsection.4.3.3}{实现}{section.4.3}% 37
\BOOKMARK [1][-]{section.4.4}{借书}{chapter.4}% 38
\BOOKMARK [2][-]{subsection.4.4.1}{类}{section.4.4}% 39
\BOOKMARK [2][-]{subsection.4.4.2}{界面}{section.4.4}% 40
\BOOKMARK [2][-]{subsection.4.4.3}{实现}{section.4.4}% 41
\BOOKMARK [2][-]{subsection.4.4.4}{提示}{section.4.4}% 42
\BOOKMARK [1][-]{section.4.5}{还书}{chapter.4}% 43
\BOOKMARK [2][-]{subsection.4.5.1}{类}{section.4.5}% 44
\BOOKMARK [2][-]{subsection.4.5.2}{界面}{section.4.5}% 45
\BOOKMARK [2][-]{subsection.4.5.3}{实现}{section.4.5}% 46
\BOOKMARK [2][-]{subsection.4.5.4}{提示}{section.4.5}% 47
\BOOKMARK [1][-]{section.4.6}{查询}{chapter.4}% 48
\BOOKMARK [2][-]{subsection.4.6.1}{类}{section.4.6}% 49
\BOOKMARK [2][-]{subsection.4.6.2}{界面}{section.4.6}% 50
\BOOKMARK [1][-]{section.4.7}{管理员}{chapter.4}% 51
\BOOKMARK [2][-]{subsection.4.7.1}{类}{section.4.7}% 52
\BOOKMARK [2][-]{subsection.4.7.2}{界面}{section.4.7}% 53
\BOOKMARK [2][-]{subsection.4.7.3}{实现}{section.4.7}% 54
\BOOKMARK [1][-]{section.4.8}{升&降级}{chapter.4}% 55
\BOOKMARK [2][-]{subsection.4.8.1}{类}{section.4.8}% 56
\BOOKMARK [2][-]{subsection.4.8.2}{界面}{section.4.8}% 57
\BOOKMARK [2][-]{subsection.4.8.3}{实现}{section.4.8}% 58
\BOOKMARK [0][-]{chapter.5}{数据结构说明}{}% 59
\BOOKMARK [1][-]{section.5.1}{界面类}{chapter.5}% 60
\BOOKMARK [2][-]{subsection.5.1.1}{登录}{section.5.1}% 61
\BOOKMARK [2][-]{subsection.5.1.2}{账户}{section.5.1}% 62
\BOOKMARK [2][-]{subsection.5.1.3}{书本}{section.5.1}% 63
\BOOKMARK [0][-]{chapter.6}{总结}{}% 64
\BOOKMARK [0][-]{section*.22}{参考文献}{}% 65
\BOOKMARK [0][-]{chapter*.24}{致谢}{}% 66
